<?xml version="1.0" encoding="UTF-8"?>
<!-- Generated by org.testng.reporters.JUnitXMLReporter -->
<testsuite ignored="0" hostname="DESKTOP-3VFB68K" failures="0" tests="5" name="Command line test" time="108.656" errors="0" timestamp="2021-12-09T00:56:50 BDT">
  <testcase classname="com.overloop.qa.testcases.HomePageTest" name="testCase" time="5.947"/>
  <testcase classname="com.overloop.qa.testcases.LandingPageTest" name="workingWithDropdown" time="0.875"/>
  <testcase classname="com.overloop.qa.testcases.LandingPageTest" name="navigatingPricePage" time="2.837"/>
  <testcase classname="com.overloop.qa.testcases.LandingPageTest" name="navigatingLoginPage" time="5.358"/>
  <testcase classname="com.overloop.qa.testcases.LoginPageTest" name="test1" time="0.723"/>
</testsuite> <!-- Command line test -->
