<?xml version="1.0" encoding="UTF-8" ?>
<testsuite tests="5" failures="0" name="TestSuite" time="15.74" errors="0" skipped="0">
  <properties>
[...]
</properties>
  <testcase classname="com.overloop.qa.testcases.HomePageTest" name="testCase" time="5.954"/>
  <testcase classname="com.overloop.qa.testcases.LandingPageTest" name="workingWithDropdown" time="0.87"/>
  <testcase classname="com.overloop.qa.testcases.LandingPageTest" name="navigatingPricePage" time="2.836"/>
  <testcase classname="com.overloop.qa.testcases.LandingPageTest" name="navigatingLoginPage" time="5.359"/>
  <testcase classname="com.overloop.qa.testcases.LoginPageTest" name="test1" time="0.721"/>
</testsuite>